09731743-0dfb-42c2-92bd-901fe238a6ac oesteban@dendrite:~/templateflow/tpl-fsaverage timestamp=1641373169.469609s
1bacd0ba-c69a-4fda-be15-72d99c6f2c52 oesteban@dendrite:~/datalad/templateflow/tpl-fsaverage timestamp=1629991852.118207s
29ff24e0-0e80-4179-bc9a-22df156bc52b root@4b2e82c75c23:/github/workspace/templateflow/tpl-fsaverage timestamp=1675089456.829229s
374e3388-b502-4592-8765-b1bc469cf0d7 oesteban@oscars-MacBook-Pro.local:~/tmp/templateflow/tpl-fsaverage timestamp=1629966436.494836s
3d40747f-f800-441b-8bb3-fbc7a10f7012 root@42adc4e01802:/github/workspace/templateflow/tpl-fsaverage timestamp=1707835518.315296s
3db59751-5789-485c-ab88-d2d6fb0e5530 root@f84d80a8167e:/github/workspace/templateflow/tpl-fsaverage timestamp=1710498123.065405s
4d3fed75-1ec5-470d-9e53-2694764c625e oesteban@dendrite:~/datalad/templateflow/tpl-fsaverage timestamp=1551482140.852655845s
544b0f22-cb98-48d5-8f34-5630c0e38c1e s3 timestamp=1641385353.520066s
54ebe4fc-8ed6-4ab8-9709-08d934777dd1 oesteban@dendrite:~/datalad/templateflow/tpl-fsaverage timestamp=1583952111.106891s
59e68276-d464-4fa4-b587-215d22964b3b public-s3 timestamp=1551482211.836468309s
699c7e8b-33e5-4b52-ba34-455bd661abc5 oesteban@oscars-MacBook-Pro.local:~/datalad/templateflow/tpl-fsaverage timestamp=1630446339.177178s
702b8f68-d1b0-4e68-b6db-b015fb4c53bb gin-src timestamp=1641508064.16218s
81032877-1a63-4214-aba5-751b1cc6a39a mathiasg@PSY-C02ZL00SLVDP.local:~/code/datalad/templateflow/tpl-fsaverage timestamp=1582837272.977819s
8810cd12-94ac-43c2-8725-f61da270fb06 root@b040b8492d4b:/github/workspace/templateflow/tpl-fsaverage timestamp=1711457127.914374s
b4cfe524-85bd-4669-9c77-464c95a6e9d4 oesteban@dendrite:~/templateflow/tpl-fsaverage timestamp=1641508060.734038s
bddcbbb4-b71b-4e67-aa2a-3b3ee8c275f4 oesteban@dendrite:~/datalad/templateflow/tpl-fsaverage timestamp=1547591417.790549851s
c04eb54b-4b4e-5755-8436-866b043170fa datalad-archives timestamp=1547599304.702044359s
ceeb3922-f1e0-4ea7-a3d8-ce830c78474e root@9ecb46b66bc0:/github/workspace/templateflow/tpl-fsaverage timestamp=1675090074.397493s
d6a59e1c-b74f-400c-a1e9-73ee2021f7c5 os7596@HOS73523:~/datalad/templateflow/tpl-fsaverage timestamp=1710273765.637795s
d8af62ae-bfc6-45fc-b476-b7c9d3b96f38 oesteban@oscars-MacBook-Pro.local:~/tmp/templateflow/tpl-fsaverage timestamp=1630074193.151133s
e4311988-f490-4ea1-887d-aa5bb7ea7411 oesteban@dendrite:~/datalad/templateflow/tpl-fsaverage timestamp=1551412969.00201s
f67131b4-5468-4111-8a5a-4d43e72da807 oesteban@hos65851:~/TemplateFlow/tpl-fsaverage timestamp=1636827352.428208s
ffffbc57-c173-4c62-9a87-f1abf04636a5 root@9d61a36f758b:/github/workspace/templateflow/tpl-fsaverage timestamp=1675088661.911349s
